2025-02-25T18:07:43.729+04:00  INFO 8256 --- [Paste] [main] org.example.paste.PasteApplication       : Starting PasteApplication using Java 23.0.1 with PID 8256 (E:\JavaProjects\Paste\target\classes started by eldar in E:\JavaProjects\Paste)
2025-02-25T18:07:43.731+04:00  INFO 8256 --- [Paste] [main] org.example.paste.PasteApplication       : No active profile set, falling back to 1 default profile: "default"
2025-02-25T18:07:43.772+04:00  INFO 8256 --- [Paste] [main] .s.b.d.c.l.DockerComposeLifecycleManager : Using Docker Compose file E:\JavaProjects\Paste\docker-compose.yaml
2025-02-25T18:07:44.360+04:00  INFO 8256 --- [Paste] [main] .s.b.d.c.l.DockerComposeLifecycleManager : There are already Docker Compose services running, skipping startup
2025-02-25T18:07:45.149+04:00  INFO 8256 --- [Paste] [main] .s.d.r.c.RepositoryConfigurationDelegate : Bootstrapping Spring Data JPA repositories in DEFAULT mode.
2025-02-25T18:07:45.187+04:00  INFO 8256 --- [Paste] [main] .s.d.r.c.RepositoryConfigurationDelegate : Finished Spring Data repository scanning in 30 ms. Found 1 JPA repository interface.
2025-02-25T18:07:45.487+04:00  INFO 8256 --- [Paste] [main] o.s.b.w.embedded.tomcat.TomcatWebServer  : Tomcat initialized with port 8080 (http)
2025-02-25T18:07:45.497+04:00  INFO 8256 --- [Paste] [main] o.apache.catalina.core.StandardService   : Starting service [Tomcat]
2025-02-25T18:07:45.498+04:00  INFO 8256 --- [Paste] [main] o.apache.catalina.core.StandardEngine    : Starting Servlet engine: [Apache Tomcat/10.1.36]
2025-02-25T18:07:45.530+04:00  INFO 8256 --- [Paste] [main] o.a.c.c.C.[Tomcat].[localhost].[/]       : Initializing Spring embedded WebApplicationContext
2025-02-25T18:07:45.530+04:00  INFO 8256 --- [Paste] [main] w.s.c.ServletWebServerApplicationContext : Root WebApplicationContext: initialization completed in 735 ms
2025-02-25T18:07:45.638+04:00  INFO 8256 --- [Paste] [main] o.hibernate.jpa.internal.util.LogHelper  : HHH000204: Processing PersistenceUnitInfo [name: default]
2025-02-25T18:07:45.691+04:00  INFO 8256 --- [Paste] [main] org.hibernate.Version                    : HHH000412: Hibernate ORM core version 6.6.8.Final
2025-02-25T18:07:45.719+04:00  INFO 8256 --- [Paste] [main] o.h.c.internal.RegionFactoryInitiator    : HHH000026: Second-level cache disabled
2025-02-25T18:07:45.924+04:00  INFO 8256 --- [Paste] [main] o.s.o.j.p.SpringPersistenceUnitInfo      : No LoadTimeWeaver setup: ignoring JPA class transformer
2025-02-25T18:07:45.940+04:00  INFO 8256 --- [Paste] [main] com.zaxxer.hikari.HikariDataSource       : HikariPool-1 - Starting...
2025-02-25T18:07:46.094+04:00  INFO 8256 --- [Paste] [main] com.zaxxer.hikari.pool.HikariPool        : HikariPool-1 - Added connection org.postgresql.jdbc.PgConnection@7d8f2eec
2025-02-25T18:07:46.095+04:00  INFO 8256 --- [Paste] [main] com.zaxxer.hikari.HikariDataSource       : HikariPool-1 - Start completed.
2025-02-25T18:07:46.137+04:00  WARN 8256 --- [Paste] [main] org.hibernate.orm.deprecation            : HHH90000025: PostgreSQLDialect does not need to be specified explicitly using 'hibernate.dialect' (remove the property setting and it will be selected by default)
2025-02-25T18:07:46.155+04:00  INFO 8256 --- [Paste] [main] org.hibernate.orm.connections.pooling    : HHH10001005: Database info:
	Database JDBC URL [Connecting through datasource 'HikariDataSource (HikariPool-1)']
	Database driver: undefined/unknown
	Database version: 17.2
	Autocommit mode: undefined/unknown
	Isolation level: undefined/unknown
	Minimum pool size: undefined/unknown
	Maximum pool size: undefined/unknown
2025-02-25T18:07:46.789+04:00  INFO 8256 --- [Paste] [main] o.h.e.t.j.p.i.JtaPlatformInitiator       : HHH000489: No JTA platform available (set 'hibernate.transaction.jta.platform' to enable JTA platform integration)
2025-02-25T18:07:46.824+04:00  INFO 8256 --- [Paste] [main] j.LocalContainerEntityManagerFactoryBean : Initialized JPA EntityManagerFactory for persistence unit 'default'
2025-02-25T18:07:47.073+04:00  WARN 8256 --- [Paste] [main] JpaBaseConfiguration$JpaWebConfiguration : spring.jpa.open-in-view is enabled by default. Therefore, database queries may be performed during view rendering. Explicitly configure spring.jpa.open-in-view to disable this warning
2025-02-25T18:07:47.285+04:00  INFO 8256 --- [Paste] [main] o.s.b.w.embedded.tomcat.TomcatWebServer  : Tomcat started on port 8080 (http) with context path '/'
2025-02-25T18:07:47.289+04:00  INFO 8256 --- [Paste] [main] org.example.paste.PasteApplication       : Started PasteApplication in 3.899 seconds (process running for 4.487)
2025-02-25T18:09:19.851+04:00  INFO 8256 --- [Paste] [SpringApplicationShutdownHook] o.s.b.w.e.tomcat.GracefulShutdown        : Commencing graceful shutdown. Waiting for active requests to complete
2025-02-25T18:09:19.856+04:00  INFO 8256 --- [Paste] [tomcat-shutdown] o.s.b.w.e.tomcat.GracefulShutdown        : Graceful shutdown complete
2025-02-25T18:09:19.858+04:00  INFO 8256 --- [Paste] [SpringApplicationShutdownHook] j.LocalContainerEntityManagerFactoryBean : Closing JPA EntityManagerFactory for persistence unit 'default'
2025-02-25T18:09:19.861+04:00  INFO 8256 --- [Paste] [SpringApplicationShutdownHook] com.zaxxer.hikari.HikariDataSource       : HikariPool-1 - Shutdown initiated...
2025-02-25T18:09:19.864+04:00  INFO 8256 --- [Paste] [SpringApplicationShutdownHook] com.zaxxer.hikari.HikariDataSource       : HikariPool-1 - Shutdown completed.
2025-02-25T18:09:21.360+04:00  INFO 17872 --- [Paste] [main] org.example.paste.PasteApplication       : Starting PasteApplication using Java 23.0.1 with PID 17872 (E:\JavaProjects\Paste\target\classes started by eldar in E:\JavaProjects\Paste)
2025-02-25T18:09:21.361+04:00  INFO 17872 --- [Paste] [main] org.example.paste.PasteApplication       : No active profile set, falling back to 1 default profile: "default"
2025-02-25T18:09:21.402+04:00  INFO 17872 --- [Paste] [main] .s.b.d.c.l.DockerComposeLifecycleManager : Using Docker Compose file E:\JavaProjects\Paste\docker-compose.yaml
2025-02-25T18:09:21.949+04:00  INFO 17872 --- [Paste] [main] .s.b.d.c.l.DockerComposeLifecycleManager : There are already Docker Compose services running, skipping startup
2025-02-25T18:09:22.710+04:00  INFO 17872 --- [Paste] [main] .s.d.r.c.RepositoryConfigurationDelegate : Bootstrapping Spring Data JPA repositories in DEFAULT mode.
2025-02-25T18:09:22.745+04:00  INFO 17872 --- [Paste] [main] .s.d.r.c.RepositoryConfigurationDelegate : Finished Spring Data repository scanning in 29 ms. Found 1 JPA repository interface.
2025-02-25T18:09:23.029+04:00  INFO 17872 --- [Paste] [main] o.s.b.w.embedded.tomcat.TomcatWebServer  : Tomcat initialized with port 8080 (http)
2025-02-25T18:09:23.037+04:00  INFO 17872 --- [Paste] [main] o.apache.catalina.core.StandardService   : Starting service [Tomcat]
2025-02-25T18:09:23.037+04:00  INFO 17872 --- [Paste] [main] o.apache.catalina.core.StandardEngine    : Starting Servlet engine: [Apache Tomcat/10.1.36]
2025-02-25T18:09:23.065+04:00  INFO 17872 --- [Paste] [main] o.a.c.c.C.[Tomcat].[localhost].[/]       : Initializing Spring embedded WebApplicationContext
2025-02-25T18:09:23.065+04:00  INFO 17872 --- [Paste] [main] w.s.c.ServletWebServerApplicationContext : Root WebApplicationContext: initialization completed in 701 ms
2025-02-25T18:09:23.179+04:00  INFO 17872 --- [Paste] [main] o.hibernate.jpa.internal.util.LogHelper  : HHH000204: Processing PersistenceUnitInfo [name: default]
2025-02-25T18:09:23.211+04:00  INFO 17872 --- [Paste] [main] org.hibernate.Version                    : HHH000412: Hibernate ORM core version 6.6.8.Final
2025-02-25T18:09:23.233+04:00  INFO 17872 --- [Paste] [main] o.h.c.internal.RegionFactoryInitiator    : HHH000026: Second-level cache disabled
2025-02-25T18:09:23.403+04:00  INFO 17872 --- [Paste] [main] o.s.o.j.p.SpringPersistenceUnitInfo      : No LoadTimeWeaver setup: ignoring JPA class transformer
2025-02-25T18:09:23.415+04:00  INFO 17872 --- [Paste] [main] com.zaxxer.hikari.HikariDataSource       : HikariPool-1 - Starting...
2025-02-25T18:09:23.512+04:00  INFO 17872 --- [Paste] [main] com.zaxxer.hikari.pool.HikariPool        : HikariPool-1 - Added connection org.postgresql.jdbc.PgConnection@3a4f8e8a
2025-02-25T18:09:23.513+04:00  INFO 17872 --- [Paste] [main] com.zaxxer.hikari.HikariDataSource       : HikariPool-1 - Start completed.
2025-02-25T18:09:23.531+04:00  WARN 17872 --- [Paste] [main] org.hibernate.orm.deprecation            : HHH90000025: PostgreSQLDialect does not need to be specified explicitly using 'hibernate.dialect' (remove the property setting and it will be selected by default)
2025-02-25T18:09:23.545+04:00  INFO 17872 --- [Paste] [main] org.hibernate.orm.connections.pooling    : HHH10001005: Database info:
	Database JDBC URL [Connecting through datasource 'HikariDataSource (HikariPool-1)']
	Database driver: undefined/unknown
	Database version: 17.2
	Autocommit mode: undefined/unknown
	Isolation level: undefined/unknown
	Minimum pool size: undefined/unknown
	Maximum pool size: undefined/unknown
2025-02-25T18:09:24.084+04:00  INFO 17872 --- [Paste] [main] o.h.e.t.j.p.i.JtaPlatformInitiator       : HHH000489: No JTA platform available (set 'hibernate.transaction.jta.platform' to enable JTA platform integration)
2025-02-25T18:09:24.107+04:00  INFO 17872 --- [Paste] [main] j.LocalContainerEntityManagerFactoryBean : Initialized JPA EntityManagerFactory for persistence unit 'default'
2025-02-25T18:09:24.332+04:00  WARN 17872 --- [Paste] [main] JpaBaseConfiguration$JpaWebConfiguration : spring.jpa.open-in-view is enabled by default. Therefore, database queries may be performed during view rendering. Explicitly configure spring.jpa.open-in-view to disable this warning
2025-02-25T18:09:24.535+04:00  INFO 17872 --- [Paste] [main] o.s.b.w.embedded.tomcat.TomcatWebServer  : Tomcat started on port 8080 (http) with context path '/'
2025-02-25T18:09:24.539+04:00  INFO 17872 --- [Paste] [main] org.example.paste.PasteApplication       : Started PasteApplication in 3.475 seconds (process running for 3.887)
2025-02-25T18:09:33.322+04:00  INFO 17872 --- [Paste] [SpringApplicationShutdownHook] o.s.b.w.e.tomcat.GracefulShutdown        : Commencing graceful shutdown. Waiting for active requests to complete
2025-02-25T18:09:33.333+04:00  INFO 17872 --- [Paste] [tomcat-shutdown] o.s.b.w.e.tomcat.GracefulShutdown        : Graceful shutdown complete
2025-02-25T18:09:33.337+04:00  INFO 17872 --- [Paste] [SpringApplicationShutdownHook] j.LocalContainerEntityManagerFactoryBean : Closing JPA EntityManagerFactory for persistence unit 'default'
2025-02-25T18:09:33.338+04:00  INFO 17872 --- [Paste] [SpringApplicationShutdownHook] com.zaxxer.hikari.HikariDataSource       : HikariPool-1 - Shutdown initiated...
2025-02-25T18:09:33.341+04:00  INFO 17872 --- [Paste] [SpringApplicationShutdownHook] com.zaxxer.hikari.HikariDataSource       : HikariPool-1 - Shutdown completed.
2025-02-25T18:09:34.800+04:00  INFO 26332 --- [Paste] [main] org.example.paste.PasteApplication       : Starting PasteApplication using Java 23.0.1 with PID 26332 (E:\JavaProjects\Paste\target\classes started by eldar in E:\JavaProjects\Paste)
2025-02-25T18:09:34.802+04:00  INFO 26332 --- [Paste] [main] org.example.paste.PasteApplication       : No active profile set, falling back to 1 default profile: "default"
2025-02-25T18:09:34.839+04:00  INFO 26332 --- [Paste] [main] .s.b.d.c.l.DockerComposeLifecycleManager : Using Docker Compose file E:\JavaProjects\Paste\docker-compose.yaml
2025-02-25T18:09:35.370+04:00  INFO 26332 --- [Paste] [main] .s.b.d.c.l.DockerComposeLifecycleManager : There are already Docker Compose services running, skipping startup
2025-02-25T18:09:36.096+04:00  INFO 26332 --- [Paste] [main] .s.d.r.c.RepositoryConfigurationDelegate : Bootstrapping Spring Data JPA repositories in DEFAULT mode.
2025-02-25T18:09:36.129+04:00  INFO 26332 --- [Paste] [main] .s.d.r.c.RepositoryConfigurationDelegate : Finished Spring Data repository scanning in 26 ms. Found 1 JPA repository interface.
2025-02-25T18:09:36.392+04:00  INFO 26332 --- [Paste] [main] o.s.b.w.embedded.tomcat.TomcatWebServer  : Tomcat initialized with port 8080 (http)
2025-02-25T18:09:36.401+04:00  INFO 26332 --- [Paste] [main] o.apache.catalina.core.StandardService   : Starting service [Tomcat]
2025-02-25T18:09:36.401+04:00  INFO 26332 --- [Paste] [main] o.apache.catalina.core.StandardEngine    : Starting Servlet engine: [Apache Tomcat/10.1.36]
2025-02-25T18:09:36.428+04:00  INFO 26332 --- [Paste] [main] o.a.c.c.C.[Tomcat].[localhost].[/]       : Initializing Spring embedded WebApplicationContext
2025-02-25T18:09:36.428+04:00  INFO 26332 --- [Paste] [main] w.s.c.ServletWebServerApplicationContext : Root WebApplicationContext: initialization completed in 638 ms
2025-02-25T18:09:36.515+04:00  INFO 26332 --- [Paste] [main] o.hibernate.jpa.internal.util.LogHelper  : HHH000204: Processing PersistenceUnitInfo [name: default]
2025-02-25T18:09:36.546+04:00  INFO 26332 --- [Paste] [main] org.hibernate.Version                    : HHH000412: Hibernate ORM core version 6.6.8.Final
2025-02-25T18:09:36.566+04:00  INFO 26332 --- [Paste] [main] o.h.c.internal.RegionFactoryInitiator    : HHH000026: Second-level cache disabled
2025-02-25T18:09:36.730+04:00  INFO 26332 --- [Paste] [main] o.s.o.j.p.SpringPersistenceUnitInfo      : No LoadTimeWeaver setup: ignoring JPA class transformer
2025-02-25T18:09:36.748+04:00  INFO 26332 --- [Paste] [main] com.zaxxer.hikari.HikariDataSource       : HikariPool-1 - Starting...
2025-02-25T18:09:36.832+04:00  INFO 26332 --- [Paste] [main] com.zaxxer.hikari.pool.HikariPool        : HikariPool-1 - Added connection org.postgresql.jdbc.PgConnection@857f74a
2025-02-25T18:09:36.833+04:00  INFO 26332 --- [Paste] [main] com.zaxxer.hikari.HikariDataSource       : HikariPool-1 - Start completed.
2025-02-25T18:09:36.851+04:00  WARN 26332 --- [Paste] [main] org.hibernate.orm.deprecation            : HHH90000025: PostgreSQLDialect does not need to be specified explicitly using 'hibernate.dialect' (remove the property setting and it will be selected by default)
2025-02-25T18:09:36.863+04:00  INFO 26332 --- [Paste] [main] org.hibernate.orm.connections.pooling    : HHH10001005: Database info:
	Database JDBC URL [Connecting through datasource 'HikariDataSource (HikariPool-1)']
	Database driver: undefined/unknown
	Database version: 17.2
	Autocommit mode: undefined/unknown
	Isolation level: undefined/unknown
	Minimum pool size: undefined/unknown
	Maximum pool size: undefined/unknown
2025-02-25T18:09:37.355+04:00  INFO 26332 --- [Paste] [main] o.h.e.t.j.p.i.JtaPlatformInitiator       : HHH000489: No JTA platform available (set 'hibernate.transaction.jta.platform' to enable JTA platform integration)
2025-02-25T18:09:37.377+04:00  INFO 26332 --- [Paste] [main] j.LocalContainerEntityManagerFactoryBean : Initialized JPA EntityManagerFactory for persistence unit 'default'
2025-02-25T18:09:37.599+04:00  WARN 26332 --- [Paste] [main] JpaBaseConfiguration$JpaWebConfiguration : spring.jpa.open-in-view is enabled by default. Therefore, database queries may be performed during view rendering. Explicitly configure spring.jpa.open-in-view to disable this warning
2025-02-25T18:09:37.794+04:00  INFO 26332 --- [Paste] [main] o.s.b.w.embedded.tomcat.TomcatWebServer  : Tomcat started on port 8080 (http) with context path '/'
2025-02-25T18:09:37.799+04:00  INFO 26332 --- [Paste] [main] org.example.paste.PasteApplication       : Started PasteApplication in 3.283 seconds (process running for 3.684)
2025-02-25T18:10:23.222+04:00  INFO 26332 --- [Paste] [http-nio-8080-exec-2] o.a.c.c.C.[Tomcat].[localhost].[/]       : Initializing Spring DispatcherServlet 'dispatcherServlet'
2025-02-25T18:10:23.222+04:00  INFO 26332 --- [Paste] [http-nio-8080-exec-2] o.s.web.servlet.DispatcherServlet        : Initializing Servlet 'dispatcherServlet'
2025-02-25T18:10:23.224+04:00  INFO 26332 --- [Paste] [http-nio-8080-exec-2] o.s.web.servlet.DispatcherServlet        : Completed initialization in 0 ms
2025-02-25T18:10:33.421+04:00  WARN 26332 --- [Paste] [http-nio-8080-exec-7] o.e.p.exception.GlobalExceptionHandler   : Paste time limit exceeded : Time limit for past with hash: qfl8nSSCst exceeded
2025-02-25T18:10:57.258+04:00  WARN 26332 --- [Paste] [http-nio-8080-exec-10] o.e.p.exception.GlobalExceptionHandler   : Validation error : Validation failed for argument [0] in public org.example.paste.dto.PasteDtoResponseUrl org.example.paste.controller.PasteController.createPaste(org.example.paste.dto.PasteDtoRequest): [Field error in object 'pasteDtoRequest' on field 'timeToLiveSeconds': rejected value [0]; codes [Min.pasteDtoRequest.timeToLiveSeconds,Min.timeToLiveSeconds,Min.long,Min]; arguments [org.springframework.context.support.DefaultMessageSourceResolvable: codes [pasteDtoRequest.timeToLiveSeconds,timeToLiveSeconds]; arguments []; default message [timeToLiveSeconds],1]; default message [Time to live must be at least 1 second]] 
2025-02-25T18:11:18.507+04:00  WARN 26332 --- [Paste] [http-nio-8080-exec-9] o.e.p.exception.GlobalExceptionHandler   : Validation error : Validation failed for argument [0] in public org.example.paste.dto.PasteDtoResponseUrl org.example.paste.controller.PasteController.createPaste(org.example.paste.dto.PasteDtoRequest): [Field error in object 'pasteDtoRequest' on field 'timeToLiveSeconds': rejected value [0]; codes [Min.pasteDtoRequest.timeToLiveSeconds,Min.timeToLiveSeconds,Min.long,Min]; arguments [org.springframework.context.support.DefaultMessageSourceResolvable: codes [pasteDtoRequest.timeToLiveSeconds,timeToLiveSeconds]; arguments []; default message [timeToLiveSeconds],1]; default message [Time to live must be at least 1 second]] 
2025-02-25T18:11:23.773+04:00 ERROR 26332 --- [Paste] [http-nio-8080-exec-5] o.e.p.exception.GlobalExceptionHandler   : Unexpected error JSON parse error: Cannot deserialize value of type `org.example.paste.Model.Status` from String "PUBLIC1": not one of the values accepted for Enum class: [PUBLIC, UNLISTED]

org.springframework.http.converter.HttpMessageNotReadableException: JSON parse error: Cannot deserialize value of type `org.example.paste.Model.Status` from String "PUBLIC1": not one of the values accepted for Enum class: [PUBLIC, UNLISTED]
	at org.springframework.http.converter.json.AbstractJackson2HttpMessageConverter.readJavaType(AbstractJackson2HttpMessageConverter.java:409) ~[spring-web-6.2.3.jar:6.2.3]
	at org.springframework.http.converter.json.AbstractJackson2HttpMessageConverter.read(AbstractJackson2HttpMessageConverter.java:357) ~[spring-web-6.2.3.jar:6.2.3]
	at org.springframework.web.servlet.mvc.method.annotation.AbstractMessageConverterMethodArgumentResolver.readWithMessageConverters(AbstractMessageConverterMethodArgumentResolver.java:204) ~[spring-webmvc-6.2.3.jar:6.2.3]
	at org.springframework.web.servlet.mvc.method.annotation.RequestResponseBodyMethodProcessor.readWithMessageConverters(RequestResponseBodyMethodProcessor.java:176) ~[spring-webmvc-6.2.3.jar:6.2.3]
	at org.springframework.web.servlet.mvc.method.annotation.RequestResponseBodyMethodProcessor.resolveArgument(RequestResponseBodyMethodProcessor.java:150) ~[spring-webmvc-6.2.3.jar:6.2.3]
	at org.springframework.web.method.support.HandlerMethodArgumentResolverComposite.resolveArgument(HandlerMethodArgumentResolverComposite.java:122) ~[spring-web-6.2.3.jar:6.2.3]
	at org.springframework.web.method.support.InvocableHandlerMethod.getMethodArgumentValues(InvocableHandlerMethod.java:226) ~[spring-web-6.2.3.jar:6.2.3]
	at org.springframework.web.method.support.InvocableHandlerMethod.invokeForRequest(InvocableHandlerMethod.java:180) ~[spring-web-6.2.3.jar:6.2.3]
	at org.springframework.web.servlet.mvc.method.annotation.ServletInvocableHandlerMethod.invokeAndHandle(ServletInvocableHandlerMethod.java:118) ~[spring-webmvc-6.2.3.jar:6.2.3]
	at org.springframework.web.servlet.mvc.method.annotation.RequestMappingHandlerAdapter.invokeHandlerMethod(RequestMappingHandlerAdapter.java:986) ~[spring-webmvc-6.2.3.jar:6.2.3]
	at org.springframework.web.servlet.mvc.method.annotation.RequestMappingHandlerAdapter.handleInternal(RequestMappingHandlerAdapter.java:891) ~[spring-webmvc-6.2.3.jar:6.2.3]
	at org.springframework.web.servlet.mvc.method.AbstractHandlerMethodAdapter.handle(AbstractHandlerMethodAdapter.java:87) ~[spring-webmvc-6.2.3.jar:6.2.3]
	at org.springframework.web.servlet.DispatcherServlet.doDispatch(DispatcherServlet.java:1088) ~[spring-webmvc-6.2.3.jar:6.2.3]
	at org.springframework.web.servlet.DispatcherServlet.doService(DispatcherServlet.java:978) ~[spring-webmvc-6.2.3.jar:6.2.3]
	at org.springframework.web.servlet.FrameworkServlet.processRequest(FrameworkServlet.java:1014) ~[spring-webmvc-6.2.3.jar:6.2.3]
	at org.springframework.web.servlet.FrameworkServlet.doPost(FrameworkServlet.java:914) ~[spring-webmvc-6.2.3.jar:6.2.3]
	at jakarta.servlet.http.HttpServlet.service(HttpServlet.java:590) ~[tomcat-embed-core-10.1.36.jar:6.0]
	at org.springframework.web.servlet.FrameworkServlet.service(FrameworkServlet.java:885) ~[spring-webmvc-6.2.3.jar:6.2.3]
	at jakarta.servlet.http.HttpServlet.service(HttpServlet.java:658) ~[tomcat-embed-core-10.1.36.jar:6.0]
	at org.apache.catalina.core.ApplicationFilterChain.internalDoFilter(ApplicationFilterChain.java:195) ~[tomcat-embed-core-10.1.36.jar:10.1.36]
	at org.apache.catalina.core.ApplicationFilterChain.doFilter(ApplicationFilterChain.java:140) ~[tomcat-embed-core-10.1.36.jar:10.1.36]
	at org.apache.tomcat.websocket.server.WsFilter.doFilter(WsFilter.java:51) ~[tomcat-embed-websocket-10.1.36.jar:10.1.36]
	at org.apache.catalina.core.ApplicationFilterChain.internalDoFilter(ApplicationFilterChain.java:164) ~[tomcat-embed-core-10.1.36.jar:10.1.36]
	at org.apache.catalina.core.ApplicationFilterChain.doFilter(ApplicationFilterChain.java:140) ~[tomcat-embed-core-10.1.36.jar:10.1.36]
	at org.springframework.web.filter.RequestContextFilter.doFilterInternal(RequestContextFilter.java:100) ~[spring-web-6.2.3.jar:6.2.3]
	at org.springframework.web.filter.OncePerRequestFilter.doFilter(OncePerRequestFilter.java:116) ~[spring-web-6.2.3.jar:6.2.3]
	at org.apache.catalina.core.ApplicationFilterChain.internalDoFilter(ApplicationFilterChain.java:164) ~[tomcat-embed-core-10.1.36.jar:10.1.36]
	at org.apache.catalina.core.ApplicationFilterChain.doFilter(ApplicationFilterChain.java:140) ~[tomcat-embed-core-10.1.36.jar:10.1.36]
	at org.springframework.web.filter.FormContentFilter.doFilterInternal(FormContentFilter.java:93) ~[spring-web-6.2.3.jar:6.2.3]
	at org.springframework.web.filter.OncePerRequestFilter.doFilter(OncePerRequestFilter.java:116) ~[spring-web-6.2.3.jar:6.2.3]
	at org.apache.catalina.core.ApplicationFilterChain.internalDoFilter(ApplicationFilterChain.java:164) ~[tomcat-embed-core-10.1.36.jar:10.1.36]
	at org.apache.catalina.core.ApplicationFilterChain.doFilter(ApplicationFilterChain.java:140) ~[tomcat-embed-core-10.1.36.jar:10.1.36]
	at org.springframework.web.filter.CharacterEncodingFilter.doFilterInternal(CharacterEncodingFilter.java:201) ~[spring-web-6.2.3.jar:6.2.3]
	at org.springframework.web.filter.OncePerRequestFilter.doFilter(OncePerRequestFilter.java:116) ~[spring-web-6.2.3.jar:6.2.3]
	at org.apache.catalina.core.ApplicationFilterChain.internalDoFilter(ApplicationFilterChain.java:164) ~[tomcat-embed-core-10.1.36.jar:10.1.36]
	at org.apache.catalina.core.ApplicationFilterChain.doFilter(ApplicationFilterChain.java:140) ~[tomcat-embed-core-10.1.36.jar:10.1.36]
	at org.apache.catalina.core.StandardWrapperValve.invoke(StandardWrapperValve.java:167) ~[tomcat-embed-core-10.1.36.jar:10.1.36]
	at org.apache.catalina.core.StandardContextValve.invoke(StandardContextValve.java:90) ~[tomcat-embed-core-10.1.36.jar:10.1.36]
	at org.apache.catalina.authenticator.AuthenticatorBase.invoke(AuthenticatorBase.java:483) ~[tomcat-embed-core-10.1.36.jar:10.1.36]
	at org.apache.catalina.core.StandardHostValve.invoke(StandardHostValve.java:115) ~[tomcat-embed-core-10.1.36.jar:10.1.36]
	at org.apache.catalina.valves.ErrorReportValve.invoke(ErrorReportValve.java:93) ~[tomcat-embed-core-10.1.36.jar:10.1.36]
	at org.apache.catalina.core.StandardEngineValve.invoke(StandardEngineValve.java:74) ~[tomcat-embed-core-10.1.36.jar:10.1.36]
	at org.apache.catalina.connector.CoyoteAdapter.service(CoyoteAdapter.java:344) ~[tomcat-embed-core-10.1.36.jar:10.1.36]
	at org.apache.coyote.http11.Http11Processor.service(Http11Processor.java:397) ~[tomcat-embed-core-10.1.36.jar:10.1.36]
	at org.apache.coyote.AbstractProcessorLight.process(AbstractProcessorLight.java:63) ~[tomcat-embed-core-10.1.36.jar:10.1.36]
	at org.apache.coyote.AbstractProtocol$ConnectionHandler.process(AbstractProtocol.java:905) ~[tomcat-embed-core-10.1.36.jar:10.1.36]
	at org.apache.tomcat.util.net.NioEndpoint$SocketProcessor.doRun(NioEndpoint.java:1743) ~[tomcat-embed-core-10.1.36.jar:10.1.36]
	at org.apache.tomcat.util.net.SocketProcessorBase.run(SocketProcessorBase.java:52) ~[tomcat-embed-core-10.1.36.jar:10.1.36]
	at org.apache.tomcat.util.threads.ThreadPoolExecutor.runWorker(ThreadPoolExecutor.java:1190) ~[tomcat-embed-core-10.1.36.jar:10.1.36]
	at org.apache.tomcat.util.threads.ThreadPoolExecutor$Worker.run(ThreadPoolExecutor.java:659) ~[tomcat-embed-core-10.1.36.jar:10.1.36]
	at org.apache.tomcat.util.threads.TaskThread$WrappingRunnable.run(TaskThread.java:63) ~[tomcat-embed-core-10.1.36.jar:10.1.36]
	at java.base/java.lang.Thread.run(Thread.java:1575) ~[na:na]
Caused by: com.fasterxml.jackson.databind.exc.InvalidFormatException: Cannot deserialize value of type `org.example.paste.Model.Status` from String "PUBLIC1": not one of the values accepted for Enum class: [PUBLIC, UNLISTED]
 at [Source: REDACTED (`StreamReadFeature.INCLUDE_SOURCE_IN_LOCATION` disabled); line: 4, column: 14] (through reference chain: org.example.paste.dto.PasteDtoRequest["status"])
	at com.fasterxml.jackson.databind.exc.InvalidFormatException.from(InvalidFormatException.java:67) ~[jackson-databind-2.18.2.jar:2.18.2]
	at com.fasterxml.jackson.databind.DeserializationContext.weirdStringException(DeserializationContext.java:1959) ~[jackson-databind-2.18.2.jar:2.18.2]
	at com.fasterxml.jackson.databind.DeserializationContext.handleWeirdStringValue(DeserializationContext.java:1245) ~[jackson-databind-2.18.2.jar:2.18.2]
	at com.fasterxml.jackson.databind.deser.std.EnumDeserializer._deserializeAltString(EnumDeserializer.java:447) ~[jackson-databind-2.18.2.jar:2.18.2]
	at com.fasterxml.jackson.databind.deser.std.EnumDeserializer._fromString(EnumDeserializer.java:304) ~[jackson-databind-2.18.2.jar:2.18.2]
	at com.fasterxml.jackson.databind.deser.std.EnumDeserializer.deserialize(EnumDeserializer.java:273) ~[jackson-databind-2.18.2.jar:2.18.2]
	at com.fasterxml.jackson.databind.deser.SettableBeanProperty.deserialize(SettableBeanProperty.java:543) ~[jackson-databind-2.18.2.jar:2.18.2]
	at com.fasterxml.jackson.databind.deser.BeanDeserializer._deserializeWithErrorWrapping(BeanDeserializer.java:585) ~[jackson-databind-2.18.2.jar:2.18.2]
	at com.fasterxml.jackson.databind.deser.BeanDeserializer._deserializeUsingPropertyBased(BeanDeserializer.java:447) ~[jackson-databind-2.18.2.jar:2.18.2]
	at com.fasterxml.jackson.databind.deser.BeanDeserializerBase.deserializeFromObjectUsingNonDefault(BeanDeserializerBase.java:1497) ~[jackson-databind-2.18.2.jar:2.18.2]
	at com.fasterxml.jackson.databind.deser.BeanDeserializer.deserializeFromObject(BeanDeserializer.java:348) ~[jackson-databind-2.18.2.jar:2.18.2]
	at com.fasterxml.jackson.databind.deser.BeanDeserializer.deserialize(BeanDeserializer.java:185) ~[jackson-databind-2.18.2.jar:2.18.2]
	at com.fasterxml.jackson.databind.deser.DefaultDeserializationContext.readRootValue(DefaultDeserializationContext.java:342) ~[jackson-databind-2.18.2.jar:2.18.2]
	at com.fasterxml.jackson.databind.ObjectReader._bindAndClose(ObjectReader.java:2125) ~[jackson-databind-2.18.2.jar:2.18.2]
	at com.fasterxml.jackson.databind.ObjectReader.readValue(ObjectReader.java:1501) ~[jackson-databind-2.18.2.jar:2.18.2]
	at org.springframework.http.converter.json.AbstractJackson2HttpMessageConverter.readJavaType(AbstractJackson2HttpMessageConverter.java:398) ~[spring-web-6.2.3.jar:6.2.3]
	... 51 common frames omitted

2025-02-25T18:13:45.529+04:00  WARN 26332 --- [Paste] [http-nio-8080-exec-1] o.e.p.exception.GlobalExceptionHandler   : Paste time limit exceeded : Time limit for past with hash: rRtDaJFsI9 exceeded
2025-02-25T18:13:48.250+04:00  WARN 26332 --- [Paste] [http-nio-8080-exec-2] o.e.p.exception.GlobalExceptionHandler   : Paste time limit exceeded : Time limit for past with hash: rRtDaJFsI9 exceeded
2025-02-25T18:13:55.496+04:00  WARN 26332 --- [Paste] [http-nio-8080-exec-7] o.e.p.exception.GlobalExceptionHandler   : Paste not found : Paste not found with hash: 1
2025-02-25T18:14:21.980+04:00  WARN 26332 --- [Paste] [http-nio-8080-exec-6] o.e.p.exception.GlobalExceptionHandler   : Paste time limit exceeded : Time limit for past with hash: rRtDaJFsI9 exceeded
2025-02-25T18:14:47.929+04:00  WARN 26332 --- [Paste] [http-nio-8080-exec-8] o.e.p.exception.GlobalExceptionHandler   : Paste not found : Paste not found with hash: rRtDaJFsI91
2025-02-25T18:15:46.668+04:00  WARN 26332 --- [Paste] [http-nio-8080-exec-10] o.e.p.exception.GlobalExceptionHandler   : Validation error : Validation failed for argument [0] in public org.example.paste.dto.PasteDtoResponseUrl org.example.paste.controller.PasteController.createPaste(org.example.paste.dto.PasteDtoRequest): [Field error in object 'pasteDtoRequest' on field 'timeToLiveSeconds': rejected value [0]; codes [Min.pasteDtoRequest.timeToLiveSeconds,Min.timeToLiveSeconds,Min.long,Min]; arguments [org.springframework.context.support.DefaultMessageSourceResolvable: codes [pasteDtoRequest.timeToLiveSeconds,timeToLiveSeconds]; arguments []; default message [timeToLiveSeconds],1]; default message [Time to live must be at least 1 second]] 
2025-02-25T18:16:44.839+04:00  INFO 26332 --- [Paste] [SpringApplicationShutdownHook] o.s.b.w.e.tomcat.GracefulShutdown        : Commencing graceful shutdown. Waiting for active requests to complete
2025-02-25T18:16:44.843+04:00  INFO 26332 --- [Paste] [tomcat-shutdown] o.s.b.w.e.tomcat.GracefulShutdown        : Graceful shutdown complete
2025-02-25T18:16:44.846+04:00  INFO 26332 --- [Paste] [SpringApplicationShutdownHook] j.LocalContainerEntityManagerFactoryBean : Closing JPA EntityManagerFactory for persistence unit 'default'
2025-02-25T18:16:44.848+04:00  INFO 26332 --- [Paste] [SpringApplicationShutdownHook] com.zaxxer.hikari.HikariDataSource       : HikariPool-1 - Shutdown initiated...
2025-02-25T18:16:44.849+04:00  INFO 26332 --- [Paste] [SpringApplicationShutdownHook] com.zaxxer.hikari.HikariDataSource       : HikariPool-1 - Shutdown completed.
2025-02-25T18:52:07.974+04:00  INFO 12952 --- [Paste] [main] org.example.paste.PasteApplication       : Starting PasteApplication using Java 23.0.1 with PID 12952 (E:\JavaProjects\Paste\target\classes started by eldar in E:\JavaProjects\Paste)
2025-02-25T18:52:07.975+04:00  INFO 12952 --- [Paste] [main] org.example.paste.PasteApplication       : No active profile set, falling back to 1 default profile: "default"
2025-02-25T18:52:08.015+04:00  INFO 12952 --- [Paste] [main] .s.b.d.c.l.DockerComposeLifecycleManager : Using Docker Compose file E:\JavaProjects\Paste\docker-compose.yaml
2025-02-25T18:52:08.625+04:00  INFO 12952 --- [Paste] [main] .s.b.d.c.l.DockerComposeLifecycleManager : There are already Docker Compose services running, skipping startup
2025-02-25T18:52:09.368+04:00  INFO 12952 --- [Paste] [main] .s.d.r.c.RepositoryConfigurationDelegate : Bootstrapping Spring Data JPA repositories in DEFAULT mode.
2025-02-25T18:52:09.402+04:00  INFO 12952 --- [Paste] [main] .s.d.r.c.RepositoryConfigurationDelegate : Finished Spring Data repository scanning in 28 ms. Found 1 JPA repository interface.
2025-02-25T18:52:09.668+04:00  INFO 12952 --- [Paste] [main] o.s.b.w.embedded.tomcat.TomcatWebServer  : Tomcat initialized with port 8080 (http)
2025-02-25T18:52:09.676+04:00  INFO 12952 --- [Paste] [main] o.apache.catalina.core.StandardService   : Starting service [Tomcat]
2025-02-25T18:52:09.676+04:00  INFO 12952 --- [Paste] [main] o.apache.catalina.core.StandardEngine    : Starting Servlet engine: [Apache Tomcat/10.1.36]
2025-02-25T18:52:09.704+04:00  INFO 12952 --- [Paste] [main] o.a.c.c.C.[Tomcat].[localhost].[/]       : Initializing Spring embedded WebApplicationContext
2025-02-25T18:52:09.704+04:00  INFO 12952 --- [Paste] [main] w.s.c.ServletWebServerApplicationContext : Root WebApplicationContext: initialization completed in 656 ms
2025-02-25T18:52:09.796+04:00  INFO 12952 --- [Paste] [main] o.hibernate.jpa.internal.util.LogHelper  : HHH000204: Processing PersistenceUnitInfo [name: default]
2025-02-25T18:52:09.824+04:00  INFO 12952 --- [Paste] [main] org.hibernate.Version                    : HHH000412: Hibernate ORM core version 6.6.8.Final
2025-02-25T18:52:09.843+04:00  INFO 12952 --- [Paste] [main] o.h.c.internal.RegionFactoryInitiator    : HHH000026: Second-level cache disabled
2025-02-25T18:52:10.011+04:00  INFO 12952 --- [Paste] [main] o.s.o.j.p.SpringPersistenceUnitInfo      : No LoadTimeWeaver setup: ignoring JPA class transformer
2025-02-25T18:52:10.030+04:00  INFO 12952 --- [Paste] [main] com.zaxxer.hikari.HikariDataSource       : HikariPool-1 - Starting...
2025-02-25T18:52:10.117+04:00  INFO 12952 --- [Paste] [main] com.zaxxer.hikari.pool.HikariPool        : HikariPool-1 - Added connection org.postgresql.jdbc.PgConnection@1acc873b
2025-02-25T18:52:10.118+04:00  INFO 12952 --- [Paste] [main] com.zaxxer.hikari.HikariDataSource       : HikariPool-1 - Start completed.
2025-02-25T18:52:10.143+04:00  WARN 12952 --- [Paste] [main] org.hibernate.orm.deprecation            : HHH90000025: PostgreSQLDialect does not need to be specified explicitly using 'hibernate.dialect' (remove the property setting and it will be selected by default)
2025-02-25T18:52:10.160+04:00  INFO 12952 --- [Paste] [main] org.hibernate.orm.connections.pooling    : HHH10001005: Database info:
	Database JDBC URL [Connecting through datasource 'HikariDataSource (HikariPool-1)']
	Database driver: undefined/unknown
	Database version: 17.2
	Autocommit mode: undefined/unknown
	Isolation level: undefined/unknown
	Minimum pool size: undefined/unknown
	Maximum pool size: undefined/unknown
2025-02-25T18:52:10.675+04:00  INFO 12952 --- [Paste] [main] o.h.e.t.j.p.i.JtaPlatformInitiator       : HHH000489: No JTA platform available (set 'hibernate.transaction.jta.platform' to enable JTA platform integration)
2025-02-25T18:52:10.699+04:00  INFO 12952 --- [Paste] [main] j.LocalContainerEntityManagerFactoryBean : Initialized JPA EntityManagerFactory for persistence unit 'default'
2025-02-25T18:52:10.954+04:00  WARN 12952 --- [Paste] [main] JpaBaseConfiguration$JpaWebConfiguration : spring.jpa.open-in-view is enabled by default. Therefore, database queries may be performed during view rendering. Explicitly configure spring.jpa.open-in-view to disable this warning
2025-02-25T18:52:11.159+04:00  INFO 12952 --- [Paste] [main] o.s.b.w.embedded.tomcat.TomcatWebServer  : Tomcat started on port 8080 (http) with context path '/'
2025-02-25T18:52:11.164+04:00  INFO 12952 --- [Paste] [main] org.example.paste.PasteApplication       : Started PasteApplication in 3.462 seconds (process running for 3.941)
2025-02-25T18:52:11.536+04:00  INFO 12952 --- [Paste] [http-nio-8080-exec-1] o.a.c.c.C.[Tomcat].[localhost].[/]       : Initializing Spring DispatcherServlet 'dispatcherServlet'
2025-02-25T18:52:11.536+04:00  INFO 12952 --- [Paste] [http-nio-8080-exec-1] o.s.web.servlet.DispatcherServlet        : Initializing Servlet 'dispatcherServlet'
2025-02-25T18:52:11.537+04:00  INFO 12952 --- [Paste] [http-nio-8080-exec-1] o.s.web.servlet.DispatcherServlet        : Completed initialization in 1 ms
2025-02-25T18:52:27.442+04:00  INFO 12952 --- [Paste] [SpringApplicationShutdownHook] o.s.b.w.e.tomcat.GracefulShutdown        : Commencing graceful shutdown. Waiting for active requests to complete
2025-02-25T18:52:27.442+04:00  INFO 12952 --- [Paste] [tomcat-shutdown] o.s.b.w.e.tomcat.GracefulShutdown        : Graceful shutdown complete
2025-02-25T18:52:27.442+04:00  INFO 12952 --- [Paste] [SpringApplicationShutdownHook] j.LocalContainerEntityManagerFactoryBean : Closing JPA EntityManagerFactory for persistence unit 'default'
2025-02-25T18:52:27.442+04:00  INFO 12952 --- [Paste] [SpringApplicationShutdownHook] com.zaxxer.hikari.HikariDataSource       : HikariPool-1 - Shutdown initiated...
2025-02-25T18:52:27.453+04:00  INFO 12952 --- [Paste] [SpringApplicationShutdownHook] com.zaxxer.hikari.HikariDataSource       : HikariPool-1 - Shutdown completed.
